[debug] [2020-02-07T08:06:55.299Z] ----------------------------------------------------------------------
[debug] [2020-02-07T08:06:55.300Z] Command:       /usr/local/Cellar/node/12.12.0/bin/node /usr/local/bin/firebase serve
[debug] [2020-02-07T08:06:55.300Z] CLI Version:   7.12.1
[debug] [2020-02-07T08:06:55.300Z] Platform:      darwin
[debug] [2020-02-07T08:06:55.300Z] Node Version:  v12.12.0
[debug] [2020-02-07T08:06:55.301Z] Time:          Fri Feb 07 2020 02:06:55 GMT-0600 (Central Standard Time)
[debug] [2020-02-07T08:06:55.301Z] ----------------------------------------------------------------------
[debug] [2020-02-07T08:06:55.301Z] 
[debug] [2020-02-07T08:06:55.309Z] > command requires scopes: ["email","openid","https://www.googleapis.com/auth/cloudplatformprojects.readonly","https://www.googleapis.com/auth/firebase","https://www.googleapis.com/auth/cloud-platform"]
[debug] [2020-02-07T08:06:55.310Z] > authorizing via signed-in user
[debug] [2020-02-07T08:06:55.310Z] [iam] checking project fir-lab-1d8fd for permissions ["firebase.projects.get"]
[debug] [2020-02-07T08:06:55.311Z] >>> HTTP REQUEST POST https://cloudresourcemanager.googleapis.com/v1/projects/fir-lab-1d8fd:testIamPermissions  

[debug] [2020-02-07T08:06:55.817Z] <<< HTTP RESPONSE 200
[debug] [2020-02-07T08:06:55.818Z] >>> HTTP REQUEST GET https://firebase.googleapis.com/v1beta1/projects/fir-lab-1d8fd  
 
[debug] [2020-02-07T08:06:57.117Z] <<< HTTP RESPONSE 200
[info] 
[info] === Serving from '/Users/rick/Documents/apps/firebase-lab'...
[info] 
[debug] [2020-02-07T08:06:57.120Z] >>> HTTP REQUEST GET https://firebase.googleapis.com/v1beta1/projects/fir-lab-1d8fd/webApps/-/config  
 
[warn] ⚠  Your requested "node" version "8" doesn't match your global version "12"
[info] ✔  functions: Emulator started at http://localhost:5001
[debug] [2020-02-07T08:06:57.494Z] <<< HTTP RESPONSE 200
[info] i  functions: Watching "/Users/rick/Documents/apps/firebase-lab/functions" for Cloud Functions...
[debug] [2020-02-07T08:06:57.532Z] [worker-pool] addWorker(~diagnostic~)
[debug] [2020-02-07T08:06:57.532Z] [worker-pool] Adding worker with key ~diagnostic~, total=1
[debug] [2020-02-07T08:06:57.533Z] [worker-pool] submitWork(triggerId=)
[debug] [2020-02-07T08:06:57.533Z] [worker-~diagnostic~-b7a74c32-9c43-4e9d-a577-8feabd033c6f]: Assigning socketPath: /var/folders/rf/j5jrf6js62zgx4xzlqvt6f_80000gn/T/fire_emu_38270.sock
[debug] [2020-02-07T08:06:57.533Z] [worker-~diagnostic~-b7a74c32-9c43-4e9d-a577-8feabd033c6f]: BUSY
[info] i  hosting: Serving hosting files from: build
[info] ✔  hosting: Local server: http://localhost:5000
[debug] [2020-02-07T08:06:57.714Z] [runtime-status] [38270] Functions runtime initialized. {"cwd":"/Users/rick/Documents/apps/firebase-lab/functions","node_version":"12.12.0"}
[debug] [2020-02-07T08:06:57.714Z] [runtime-status] [38270] Disabled runtime features: {"functions_config_helper":true,"network_filtering":true,"timeout":true,"memory_limiting":true,"admin_stubs":true,"pubsub_emulator":true}
[debug] [2020-02-07T08:06:57.717Z] [runtime-status] [38270] Resolved module firebase-admin {"declared":true,"installed":true,"version":"8.9.2","resolution":"/Users/rick/Documents/apps/firebase-lab/functions/node_modules/firebase-admin/lib/index.js"}
[debug] [2020-02-07T08:06:57.719Z] [runtime-status] [38270] Resolved module firebase-functions {"declared":true,"installed":true,"version":"3.3.0","resolution":"/Users/rick/Documents/apps/firebase-lab/functions/node_modules/firebase-functions/lib/index.js"}
[debug] [2020-02-07T08:06:57.719Z] [runtime-status] [38270] Resolved module firebase-functions {"declared":true,"installed":true,"version":"3.3.0","resolution":"/Users/rick/Documents/apps/firebase-lab/functions/node_modules/firebase-functions/lib/index.js"}
[debug] [2020-02-07T08:06:57.764Z] Unsupported trigger: {"eventTrigger":{"resource":"projects/fir-lab-1d8fd","eventType":"providers/firebase.auth/eventTypes/user.create","service":"firebaseauth.googleapis.com"},"name":"sendWelcomeEmail","entryPoint":"sendWelcomeEmail"}
[info] ✔  functions[helloWorld]: http function initialized (http://localhost:5001/fir-lab-1d8fd/us-central1/helloWorld).
[info] i  functions[sendWelcomeEmail]: function ignored because the firebaseauth.googleapis.com emulator does not exist or is not running.
[debug] [2020-02-07T08:06:57.764Z] [worker-~diagnostic~-b7a74c32-9c43-4e9d-a577-8feabd033c6f]: IDLE
[debug] [2020-02-07T08:07:41.083Z] [work-queue] {"queueLength":1,"workRunningCount":0}
[debug] [2020-02-07T08:07:41.083Z] [work-queue] {"queueLength":0,"workRunningCount":1}
[debug] [2020-02-07T08:07:41.083Z] Accepted request GET /fir-lab-1d8fd/us-central1/helloWorld --> helloWorld
[debug] [2020-02-07T08:07:41.088Z] [worker-pool] addWorker(helloWorld)
[debug] [2020-02-07T08:07:41.088Z] [worker-pool] Adding worker with key helloWorld, total=1
[debug] [2020-02-07T08:07:41.088Z] [worker-pool] submitWork(triggerId=helloWorld)
[debug] [2020-02-07T08:07:41.088Z] [worker-helloWorld-fa503969-1aa3-40b2-a878-146e1013f489]: Assigning socketPath: /var/folders/rf/j5jrf6js62zgx4xzlqvt6f_80000gn/T/fire_emu_38717.sock
[debug] [2020-02-07T08:07:41.088Z] [worker-helloWorld-fa503969-1aa3-40b2-a878-146e1013f489]: BUSY
[debug] [2020-02-07T08:07:41.273Z] [runtime-status] [38717] Functions runtime initialized. {"cwd":"/Users/rick/Documents/apps/firebase-lab/functions","node_version":"12.12.0"}
[debug] [2020-02-07T08:07:41.274Z] [runtime-status] [38717] Disabled runtime features: {"functions_config_helper":true,"network_filtering":true,"timeout":true,"memory_limiting":true,"admin_stubs":true,"pubsub_emulator":true}
[debug] [2020-02-07T08:07:41.276Z] [runtime-status] [38717] Resolved module firebase-admin {"declared":true,"installed":true,"version":"8.9.2","resolution":"/Users/rick/Documents/apps/firebase-lab/functions/node_modules/firebase-admin/lib/index.js"}
[debug] [2020-02-07T08:07:41.276Z] [runtime-status] [38717] Resolved module firebase-functions {"declared":true,"installed":true,"version":"3.3.0","resolution":"/Users/rick/Documents/apps/firebase-lab/functions/node_modules/firebase-functions/lib/index.js"}
[debug] [2020-02-07T08:07:41.277Z] [runtime-status] [38717] Resolved module firebase-functions {"declared":true,"installed":true,"version":"3.3.0","resolution":"/Users/rick/Documents/apps/firebase-lab/functions/node_modules/firebase-functions/lib/index.js"}
[debug] [2020-02-07T08:07:41.303Z] [runtime-status] [38717] Trigger "helloWorld" has been found, beginning invocation!
[info] i  functions: Beginning execution of "helloWorld"
[debug] [2020-02-07T08:07:41.303Z] [runtime-status] [38717] triggerDefinition {"httpsTrigger":{},"name":"helloWorld","entryPoint":"helloWorld"}
[debug] [2020-02-07T08:07:41.303Z] [runtime-status] [38717] Running helloWorld in mode HTTPS
[debug] [2020-02-07T08:07:41.307Z] [runtime-status] [38717] Attempting to listen to socketPath: /var/folders/rf/j5jrf6js62zgx4xzlqvt6f_80000gn/T/fire_emu_38717.sock
[debug] [2020-02-07T08:07:41.310Z] [functions] Runtime ready! Sending request!
[debug] [2020-02-07T08:07:41.316Z] [runtime-status] [38717] Ephemeral server handling GET request
[debug] [2020-02-07T08:07:41.320Z] [runtime-status] [38717] Ephemeral server survived.
[info] i  functions: Finished "helloWorld" in ~1s
[debug] [2020-02-07T08:07:41.321Z] [worker-helloWorld-fa503969-1aa3-40b2-a878-146e1013f489]: IDLE
[debug] [2020-02-07T08:07:41.321Z] [work-queue] {"queueLength":0,"workRunningCount":0}
